<?xml version="1.0" encoding="UTF-8"?>
<!-- Generated by org.testng.reporters.JUnitReportReporter -->
<testsuite skipped="0" hostname="QMC200-KaustubhD" name="com.test.automation.uIAutomation.homePage.VerifyLoginWithValidCredentials" tests="2" failures="0" timestamp="04 Oct 2017 14:42:29 GMT" time="20.620" errors="0">
  <testcase name="verifyLoginWithValidCredentials" time="9.187" classname="com.test.automation.uIAutomation.homePage.VerifyLoginWithValidCredentials"/>
  <testcase name="CreateNewUser" time="11.433" classname="com.test.automation.uIAutomation.homePage.VerifyLoginWithValidCredentials"/>
</testsuite> <!-- com.test.automation.uIAutomation.homePage.VerifyLoginWithValidCredentials -->
